Symbol Table
0 : NAME : add        TYPE : FUNCTION        INITIAL VALUE :         SIZE : 0        OFFSET : 0
------------------Nested Table-----------------------
0 : NAME : retVal        TYPE : INT        INITIAL VALUE : 0        SIZE : 4        OFFSET : 0
1 : NAME : a        TYPE : INT        INITIAL VALUE : 0        SIZE : 4        OFFSET : 4
2 : NAME : b        TYPE : INT        INITIAL VALUE : 0        SIZE : 4        OFFSET : 8
3 : NAME : temp0        TYPE : INT        INITIAL VALUE : 0        SIZE : 4        OFFSET : 12
-----------------------------------------------------
1 : NAME : main        TYPE : FUNCTION        INITIAL VALUE :         SIZE : 0        OFFSET : 0
------------------Nested Table-----------------------
0 : NAME : retVal        TYPE : INT        INITIAL VALUE : 0        SIZE : 4        OFFSET : 0
1 : NAME : a        TYPE : INT        INITIAL VALUE : 9        SIZE : 4        OFFSET : 4
2 : NAME : b        TYPE : INT        INITIAL VALUE : 18        SIZE : 4        OFFSET : 8
3 : NAME : c        TYPE : INT        INITIAL VALUE : 0        SIZE : 4        OFFSET : 12
4 : NAME : temp0        TYPE : INT        INITIAL VALUE : 20        SIZE : 4        OFFSET : 16
5 : NAME : temp1        TYPE : INT        INITIAL VALUE : 0        SIZE : 4        OFFSET : 20
6 : NAME : temp2        TYPE : INT        INITIAL VALUE : 2        SIZE : 4        OFFSET : 24
7 : NAME : temp3        TYPE : INT        INITIAL VALUE : 0        SIZE : 4        OFFSET : 28
8 : NAME : temp4        TYPE : INT        INITIAL VALUE : 20        SIZE : 4        OFFSET : 32
9 : NAME : temp5        TYPE : INT        INITIAL VALUE : 9408880        SIZE : 4        OFFSET : 36
10 : NAME : temp6        TYPE : INT        INITIAL VALUE : 2        SIZE : 4        OFFSET : 40
11 : NAME : temp7        TYPE : INT        INITIAL VALUE : 0        SIZE : 4        OFFSET : 44
12 : NAME : temp8        TYPE : INT        INITIAL VALUE : 0        SIZE : 4        OFFSET : 48
-----------------------------------------------------
===================================================
Quad Array
0 : OP_FUNC_START add
1 : temp0 = a + b
2 : return temp0
3 : OP_FUNC_END
4 : OP_FUNC_START main
5 : param a
6 : param b
7 : c = add
8 : if c < temp0 then goto 10
9 : goto 12
10 : temp3 = c * temp2
11 : c = temp3
12 : if c >= temp4 then goto 14
13 : goto 16
14 : temp7 = c + temp6
15 : c = temp7
16 : return temp8
17 : OP_FUNC_END
