Symbol Table
0 : NAME : func        TYPE : FUNCTION        INITIAL VALUE :         SIZE : 0        OFFSET : 0
------------------Nested Table-----------------------
0 : NAME : retVal        TYPE : POINTER        INITIAL VALUE :         SIZE : 4        OFFSET : 0
1 : NAME : a        TYPE : INT        INITIAL VALUE : 0        SIZE : 4        OFFSET : 4
2 : NAME : b        TYPE : INT        INITIAL VALUE : 0        SIZE : 4        OFFSET : 8
-----------------------------------------------------
1 : NAME : main        TYPE : FUNCTION        INITIAL VALUE :         SIZE : 0        OFFSET : 0
------------------Nested Table-----------------------
0 : NAME : retVal        TYPE : VOID        INITIAL VALUE :         SIZE : 0        OFFSET : 0
1 : NAME : a        TYPE : INT        INITIAL VALUE : 10        SIZE : 4        OFFSET : 0
2 : NAME : b        TYPE : INT        INITIAL VALUE : 10        SIZE : 4        OFFSET : 4
3 : NAME : c        TYPE : POINTER        INITIAL VALUE :         SIZE : 4        OFFSET : 8
-----------------------------------------------------
===================================================
Quad Array
0 : a = ++a
1 : b = a
2 : return b
3 : param a
4 : param b
5 : c = call func , 2
